ERROR - 2024-02-29 00:12:43 --> Table 'ukk_kasir.keranjang' doesn't exist
CRITICAL - 2024-02-29 00:12:43 --> Call to a member function getResult() on bool
#0 C:\xampp\htdocs\ukk_richard\app\Controllers\Home.php(401): App\Models\M_model->tampil('keranjang')
#1 C:\xampp\htdocs\ukk_richard\system\CodeIgniter.php(832): App\Controllers\Home->keranjang()
#2 C:\xampp\htdocs\ukk_richard\system\CodeIgniter.php(419): CodeIgniter\CodeIgniter->runController(Object(App\Controllers\Home))
#3 C:\xampp\htdocs\ukk_richard\system\CodeIgniter.php(326): CodeIgniter\CodeIgniter->handleRequest(NULL, Object(Config\Cache), false)
#4 C:\xampp\htdocs\ukk_richard\public\index.php(37): CodeIgniter\CodeIgniter->run()
#5 C:\xampp\htdocs\ukk_richard\system\Commands\Server\rewrite.php(43): require_once('C:\\xampp\\htdocs...')
#6 {main}
ERROR - 2024-02-29 00:36:30 --> Unknown column 'barang_id' in 'where clause'
ERROR - 2024-02-29 00:36:40 --> Table 'ukk_kasir.keranjang' doesn't exist
CRITICAL - 2024-02-29 00:36:40 --> Call to a member function getResult() on bool
#0 C:\xampp\htdocs\ukk_richard\app\Controllers\Home.php(401): App\Models\M_model->tampil('keranjang')
#1 C:\xampp\htdocs\ukk_richard\system\CodeIgniter.php(832): App\Controllers\Home->keranjang()
#2 C:\xampp\htdocs\ukk_richard\system\CodeIgniter.php(419): CodeIgniter\CodeIgniter->runController(Object(App\Controllers\Home))
#3 C:\xampp\htdocs\ukk_richard\system\CodeIgniter.php(326): CodeIgniter\CodeIgniter->handleRequest(NULL, Object(Config\Cache), false)
#4 C:\xampp\htdocs\ukk_richard\public\index.php(37): CodeIgniter\CodeIgniter->run()
#5 C:\xampp\htdocs\ukk_richard\system\Commands\Server\rewrite.php(43): require_once('C:\\xampp\\htdocs...')
#6 {main}
CRITICAL - 2024-02-29 00:40:26 --> syntax error, unexpected '$awal' (T_VARIABLE), expecting ')'
#0 C:\xampp\htdocs\ukk_richard\system\Router\Router.php(175): CodeIgniter\Router\Router->autoRoute('home/laporan_tr...')
#1 C:\xampp\htdocs\ukk_richard\system\CodeIgniter.php(726): CodeIgniter\Router\Router->handle('home/laporan_tr...')
#2 C:\xampp\htdocs\ukk_richard\system\CodeIgniter.php(368): CodeIgniter\CodeIgniter->tryToRouteIt(Object(CodeIgniter\Router\RouteCollection))
#3 C:\xampp\htdocs\ukk_richard\system\CodeIgniter.php(326): CodeIgniter\CodeIgniter->handleRequest(NULL, Object(Config\Cache), false)
#4 C:\xampp\htdocs\ukk_richard\public\index.php(37): CodeIgniter\CodeIgniter->run()
#5 C:\xampp\htdocs\ukk_richard\system\Commands\Server\rewrite.php(43): require_once('C:\\xampp\\htdocs...')
#6 {main}
CRITICAL - 2024-02-29 00:41:19 --> Invalid file: laporan_t.php
#0 C:\xampp\htdocs\ukk_richard\system\View\View.php(198): CodeIgniter\Exceptions\FrameworkException::forInvalidFile('laporan_t.php')
#1 C:\xampp\htdocs\ukk_richard\system\Common.php(1089): CodeIgniter\View\View->render('laporan_t', Array, true)
#2 C:\xampp\htdocs\ukk_richard\app\Controllers\Home.php(362): view('laporan_t', Array)
#3 C:\xampp\htdocs\ukk_richard\system\CodeIgniter.php(832): App\Controllers\Home->laporan_t()
#4 C:\xampp\htdocs\ukk_richard\system\CodeIgniter.php(419): CodeIgniter\CodeIgniter->runController(Object(App\Controllers\Home))
#5 C:\xampp\htdocs\ukk_richard\system\CodeIgniter.php(326): CodeIgniter\CodeIgniter->handleRequest(NULL, Object(Config\Cache), false)
#6 C:\xampp\htdocs\ukk_richard\public\index.php(37): CodeIgniter\CodeIgniter->run()
#7 C:\xampp\htdocs\ukk_richard\system\Commands\Server\rewrite.php(43): require_once('C:\\xampp\\htdocs...')
#8 {main}
ERROR - 2024-02-29 00:43:55 --> Unknown column 'barang_masuk.tanggal' in 'where clause'
CRITICAL - 2024-02-29 00:43:55 --> Call to a member function getResult() on bool
#0 C:\xampp\htdocs\ukk_richard\app\Controllers\Home.php(377): App\Models\M_model->filter3('barang_masuk', '2024-02-26', '2024-02-29')
#1 C:\xampp\htdocs\ukk_richard\system\CodeIgniter.php(832): App\Controllers\Home->excel_t()
#2 C:\xampp\htdocs\ukk_richard\system\CodeIgniter.php(419): CodeIgniter\CodeIgniter->runController(Object(App\Controllers\Home))
#3 C:\xampp\htdocs\ukk_richard\system\CodeIgniter.php(326): CodeIgniter\CodeIgniter->handleRequest(NULL, Object(Config\Cache), false)
#4 C:\xampp\htdocs\ukk_richard\public\index.php(37): CodeIgniter\CodeIgniter->run()
#5 C:\xampp\htdocs\ukk_richard\system\Commands\Server\rewrite.php(43): require_once('C:\\xampp\\htdocs...')
#6 {main}
ERROR - 2024-02-29 00:45:41 --> Unknown column 'barang_id' in 'where clause'
ERROR - 2024-02-29 00:48:10 --> Table 'ukk_kasir.keranjang' doesn't exist
CRITICAL - 2024-02-29 00:48:10 --> Call to a member function getResult() on bool
#0 C:\xampp\htdocs\ukk_richard\app\Controllers\Home.php(474): App\Models\M_model->tampil('keranjang')
#1 C:\xampp\htdocs\ukk_richard\system\CodeIgniter.php(832): App\Controllers\Home->keranjang()
#2 C:\xampp\htdocs\ukk_richard\system\CodeIgniter.php(419): CodeIgniter\CodeIgniter->runController(Object(App\Controllers\Home))
#3 C:\xampp\htdocs\ukk_richard\system\CodeIgniter.php(326): CodeIgniter\CodeIgniter->handleRequest(NULL, Object(Config\Cache), false)
#4 C:\xampp\htdocs\ukk_richard\public\index.php(37): CodeIgniter\CodeIgniter->run()
#5 C:\xampp\htdocs\ukk_richard\system\Commands\Server\rewrite.php(43): require_once('C:\\xampp\\htdocs...')
#6 {main}
ERROR - 2024-02-29 00:48:10 --> Table 'ukk_kasir.keranjang' doesn't exist
CRITICAL - 2024-02-29 00:48:10 --> Call to a member function getResult() on bool
#0 C:\xampp\htdocs\ukk_richard\app\Controllers\Home.php(474): App\Models\M_model->tampil('keranjang')
#1 C:\xampp\htdocs\ukk_richard\system\CodeIgniter.php(832): App\Controllers\Home->keranjang()
#2 C:\xampp\htdocs\ukk_richard\system\CodeIgniter.php(419): CodeIgniter\CodeIgniter->runController(Object(App\Controllers\Home))
#3 C:\xampp\htdocs\ukk_richard\system\CodeIgniter.php(326): CodeIgniter\CodeIgniter->handleRequest(NULL, Object(Config\Cache), false)
#4 C:\xampp\htdocs\ukk_richard\public\index.php(37): CodeIgniter\CodeIgniter->run()
#5 C:\xampp\htdocs\ukk_richard\system\Commands\Server\rewrite.php(43): require_once('C:\\xampp\\htdocs...')
#6 {main}
ERROR - 2024-02-29 00:49:55 --> Unknown column 'barang_id' in 'where clause'
ERROR - 2024-02-29 00:50:50 --> Unknown column 'barang_id' in 'where clause'
ERROR - 2024-02-29 01:09:32 --> Unknown column 'total_pesan' in 'field list'
ERROR - 2024-02-29 01:23:31 --> Unknown column 'total_pesan' in 'field list'
ERROR - 2024-02-29 07:30:25 --> Unknown column 'id_barang' in 'field list'
ERROR - 2024-02-29 07:35:31 --> Unknown column 'id_barang' in 'field list'
ERROR - 2024-02-29 07:37:31 --> Unknown column 'id_barang' in 'field list'
ERROR - 2024-02-29 07:38:37 --> Unknown column 'pembayaran.tanggal' in 'where clause'
CRITICAL - 2024-02-29 07:38:37 --> Call to a member function getResult() on bool
#0 C:\xampp\htdocs\kasir_richard\app\Controllers\Home.php(377): App\Models\M_model->filter3('pembayaran', '2024-02-27', '2024-02-29')
#1 C:\xampp\htdocs\kasir_richard\system\CodeIgniter.php(832): App\Controllers\Home->excel_t()
#2 C:\xampp\htdocs\kasir_richard\system\CodeIgniter.php(419): CodeIgniter\CodeIgniter->runController(Object(App\Controllers\Home))
#3 C:\xampp\htdocs\kasir_richard\system\CodeIgniter.php(326): CodeIgniter\CodeIgniter->handleRequest(NULL, Object(Config\Cache), false)
#4 C:\xampp\htdocs\kasir_richard\public\index.php(37): CodeIgniter\CodeIgniter->run()
#5 C:\xampp\htdocs\kasir_richard\system\Commands\Server\rewrite.php(43): require_once('C:\\xampp\\htdocs...')
#6 {main}
ERROR - 2024-02-29 07:41:03 --> Unknown column 'pembayaran.tanggal' in 'where clause'
CRITICAL - 2024-02-29 07:41:03 --> Call to a member function getResult() on bool
#0 C:\xampp\htdocs\kasir_richard\app\Controllers\Home.php(358): App\Models\M_model->filter3('pembayaran', '2024-02-27', '2024-02-29')
#1 C:\xampp\htdocs\kasir_richard\system\CodeIgniter.php(832): App\Controllers\Home->laporan_t()
#2 C:\xampp\htdocs\kasir_richard\system\CodeIgniter.php(419): CodeIgniter\CodeIgniter->runController(Object(App\Controllers\Home))
#3 C:\xampp\htdocs\kasir_richard\system\CodeIgniter.php(326): CodeIgniter\CodeIgniter->handleRequest(NULL, Object(Config\Cache), false)
#4 C:\xampp\htdocs\kasir_richard\public\index.php(37): CodeIgniter\CodeIgniter->run()
#5 C:\xampp\htdocs\kasir_richard\system\Commands\Server\rewrite.php(43): require_once('C:\\xampp\\htdocs...')
#6 {main}
CRITICAL - 2024-02-29 07:42:22 --> Maximum execution time of 60 seconds exceeded
#0 [internal function]: CodeIgniter\Debug\Exceptions->shutdownHandler()
#1 {main}
CRITICAL - 2024-02-29 07:49:20 --> Cannot redeclare App\Models\M_model::filter3()
#0 [internal function]: CodeIgniter\Debug\Exceptions->shutdownHandler()
#1 {main}
CRITICAL - 2024-02-29 07:50:15 --> Invalid file: invoice.php
#0 C:\xampp\htdocs\kasir_richard\system\View\View.php(198): CodeIgniter\Exceptions\FrameworkException::forInvalidFile('invoice.php')
#1 C:\xampp\htdocs\kasir_richard\system\Common.php(1089): CodeIgniter\View\View->render('invoice', Array, true)
#2 C:\xampp\htdocs\kasir_richard\app\Controllers\Home.php(418): view('invoice', Array)
#3 C:\xampp\htdocs\kasir_richard\system\CodeIgniter.php(832): App\Controllers\Home->invoice()
#4 C:\xampp\htdocs\kasir_richard\system\CodeIgniter.php(419): CodeIgniter\CodeIgniter->runController(Object(App\Controllers\Home))
#5 C:\xampp\htdocs\kasir_richard\system\CodeIgniter.php(326): CodeIgniter\CodeIgniter->handleRequest(NULL, Object(Config\Cache), false)
#6 C:\xampp\htdocs\kasir_richard\public\index.php(37): CodeIgniter\CodeIgniter->run()
#7 C:\xampp\htdocs\kasir_richard\system\Commands\Server\rewrite.php(43): require_once('C:\\xampp\\htdocs...')
#8 {main}
ERROR - 2024-02-29 08:19:50 --> Unknown column 'keranjang.id_user' in 'on clause'
CRITICAL - 2024-02-29 08:19:50 --> Call to a member function getResult() on bool
#0 C:\xampp\htdocs\kasir_richard\app\Controllers\Home.php(415): App\Models\M_model->join('keranjang', 'user', 'keranjang.id_us...')
#1 C:\xampp\htdocs\kasir_richard\system\CodeIgniter.php(832): App\Controllers\Home->invoice()
#2 C:\xampp\htdocs\kasir_richard\system\CodeIgniter.php(419): CodeIgniter\CodeIgniter->runController(Object(App\Controllers\Home))
#3 C:\xampp\htdocs\kasir_richard\system\CodeIgniter.php(326): CodeIgniter\CodeIgniter->handleRequest(NULL, Object(Config\Cache), false)
#4 C:\xampp\htdocs\kasir_richard\public\index.php(37): CodeIgniter\CodeIgniter->run()
#5 C:\xampp\htdocs\kasir_richard\system\Commands\Server\rewrite.php(43): require_once('C:\\xampp\\htdocs...')
#6 {main}
CRITICAL - 2024-02-29 08:37:23 --> Too few arguments to function App\Controllers\Home::delete_barang(), 0 passed in C:\xampp\htdocs\kasir_richard\system\CodeIgniter.php on line 832 and exactly 1 expected
#0 C:\xampp\htdocs\kasir_richard\system\CodeIgniter.php(832): App\Controllers\Home->delete_barang()
#1 C:\xampp\htdocs\kasir_richard\system\CodeIgniter.php(419): CodeIgniter\CodeIgniter->runController(Object(App\Controllers\Home))
#2 C:\xampp\htdocs\kasir_richard\system\CodeIgniter.php(326): CodeIgniter\CodeIgniter->handleRequest(NULL, Object(Config\Cache), false)
#3 C:\xampp\htdocs\kasir_richard\public\index.php(37): CodeIgniter\CodeIgniter->run()
#4 C:\xampp\htdocs\kasir_richard\system\Commands\Server\rewrite.php(43): require_once('C:\\xampp\\htdocs...')
#5 {main}
CRITICAL - 2024-02-29 10:07:41 --> Invalid argument supplied for foreach()
#0 C:\xampp\htdocs\kasir_richard\app\Views\pembayaran.php(16): CodeIgniter\Debug\Exceptions->errorHandler(2, 'Invalid argumen...', 'C:\\xampp\\htdocs...', 16, Array)
#1 C:\xampp\htdocs\kasir_richard\system\View\View.php(210): include('C:\\xampp\\htdocs...')
#2 C:\xampp\htdocs\kasir_richard\system\View\View.php(213): CodeIgniter\View\View->CodeIgniter\View\{closure}()
#3 C:\xampp\htdocs\kasir_richard\system\Common.php(1089): CodeIgniter\View\View->render('pembayaran', Array, true)
#4 C:\xampp\htdocs\kasir_richard\app\Controllers\Home.php(556): view('pembayaran')
#5 C:\xampp\htdocs\kasir_richard\system\CodeIgniter.php(832): App\Controllers\Home->pembayaran()
#6 C:\xampp\htdocs\kasir_richard\system\CodeIgniter.php(419): CodeIgniter\CodeIgniter->runController(Object(App\Controllers\Home))
#7 C:\xampp\htdocs\kasir_richard\system\CodeIgniter.php(326): CodeIgniter\CodeIgniter->handleRequest(NULL, Object(Config\Cache), false)
#8 C:\xampp\htdocs\kasir_richard\public\index.php(37): CodeIgniter\CodeIgniter->run()
#9 C:\xampp\htdocs\kasir_richard\system\Commands\Server\rewrite.php(43): require_once('C:\\xampp\\htdocs...')
#10 {main}
CRITICAL - 2024-02-29 10:12:56 --> Invalid argument supplied for foreach()
#0 C:\xampp\htdocs\kasir_richard\app\Views\invoice.php(85): CodeIgniter\Debug\Exceptions->errorHandler(2, 'Invalid argumen...', 'C:\\xampp\\htdocs...', 85, Array)
#1 C:\xampp\htdocs\kasir_richard\system\View\View.php(210): include('C:\\xampp\\htdocs...')
#2 C:\xampp\htdocs\kasir_richard\system\View\View.php(213): CodeIgniter\View\View->CodeIgniter\View\{closure}()
#3 C:\xampp\htdocs\kasir_richard\system\Common.php(1089): CodeIgniter\View\View->render('invoice', Array, true)
#4 C:\xampp\htdocs\kasir_richard\app\Controllers\Home.php(419): view('invoice', Array)
#5 C:\xampp\htdocs\kasir_richard\system\CodeIgniter.php(832): App\Controllers\Home->invoice()
#6 C:\xampp\htdocs\kasir_richard\system\CodeIgniter.php(419): CodeIgniter\CodeIgniter->runController(Object(App\Controllers\Home))
#7 C:\xampp\htdocs\kasir_richard\system\CodeIgniter.php(326): CodeIgniter\CodeIgniter->handleRequest(NULL, Object(Config\Cache), false)
#8 C:\xampp\htdocs\kasir_richard\public\index.php(37): CodeIgniter\CodeIgniter->run()
#9 C:\xampp\htdocs\kasir_richard\system\Commands\Server\rewrite.php(43): require_once('C:\\xampp\\htdocs...')
#10 {main}
CRITICAL - 2024-02-29 10:38:43 --> Object of class stdClass could not be converted to string
#0 C:\xampp\htdocs\kasir_richard\system\View\View.php(210): include()
#1 C:\xampp\htdocs\kasir_richard\system\View\View.php(213): CodeIgniter\View\View->CodeIgniter\View\{closure}()
#2 C:\xampp\htdocs\kasir_richard\system\Common.php(1089): CodeIgniter\View\View->render('invoice', Array, true)
#3 C:\xampp\htdocs\kasir_richard\app\Controllers\Home.php(418): view('invoice', Array)
#4 C:\xampp\htdocs\kasir_richard\system\CodeIgniter.php(832): App\Controllers\Home->invoice()
#5 C:\xampp\htdocs\kasir_richard\system\CodeIgniter.php(419): CodeIgniter\CodeIgniter->runController(Object(App\Controllers\Home))
#6 C:\xampp\htdocs\kasir_richard\system\CodeIgniter.php(326): CodeIgniter\CodeIgniter->handleRequest(NULL, Object(Config\Cache), false)
#7 C:\xampp\htdocs\kasir_richard\public\index.php(37): CodeIgniter\CodeIgniter->run()
#8 C:\xampp\htdocs\kasir_richard\system\Commands\Server\rewrite.php(43): require_once('C:\\xampp\\htdocs...')
#9 {main}
CRITICAL - 2024-02-29 10:46:24 --> Invalid argument supplied for foreach()
#0 C:\xampp\htdocs\kasir_richard\app\Views\pembayaran.php(16): CodeIgniter\Debug\Exceptions->errorHandler(2, 'Invalid argumen...', 'C:\\xampp\\htdocs...', 16, Array)
#1 C:\xampp\htdocs\kasir_richard\system\View\View.php(210): include('C:\\xampp\\htdocs...')
#2 C:\xampp\htdocs\kasir_richard\system\View\View.php(213): CodeIgniter\View\View->CodeIgniter\View\{closure}()
#3 C:\xampp\htdocs\kasir_richard\system\Common.php(1089): CodeIgniter\View\View->render('pembayaran', Array, true)
#4 C:\xampp\htdocs\kasir_richard\app\Controllers\Home.php(565): view('pembayaran')
#5 C:\xampp\htdocs\kasir_richard\system\CodeIgniter.php(832): App\Controllers\Home->pembayaran()
#6 C:\xampp\htdocs\kasir_richard\system\CodeIgniter.php(419): CodeIgniter\CodeIgniter->runController(Object(App\Controllers\Home))
#7 C:\xampp\htdocs\kasir_richard\system\CodeIgniter.php(326): CodeIgniter\CodeIgniter->handleRequest(NULL, Object(Config\Cache), false)
#8 C:\xampp\htdocs\kasir_richard\public\index.php(37): CodeIgniter\CodeIgniter->run()
#9 C:\xampp\htdocs\kasir_richard\system\Commands\Server\rewrite.php(43): require_once('C:\\xampp\\htdocs...')
#10 {main}
CRITICAL - 2024-02-29 10:46:56 --> Invalid argument supplied for foreach()
#0 C:\xampp\htdocs\kasir_richard\app\Views\pembayaran.php(16): CodeIgniter\Debug\Exceptions->errorHandler(2, 'Invalid argumen...', 'C:\\xampp\\htdocs...', 16, Array)
#1 C:\xampp\htdocs\kasir_richard\system\View\View.php(210): include('C:\\xampp\\htdocs...')
#2 C:\xampp\htdocs\kasir_richard\system\View\View.php(213): CodeIgniter\View\View->CodeIgniter\View\{closure}()
#3 C:\xampp\htdocs\kasir_richard\system\Common.php(1089): CodeIgniter\View\View->render('pembayaran', Array, true)
#4 C:\xampp\htdocs\kasir_richard\app\Controllers\Home.php(565): view('pembayaran')
#5 C:\xampp\htdocs\kasir_richard\system\CodeIgniter.php(832): App\Controllers\Home->pembayaran()
#6 C:\xampp\htdocs\kasir_richard\system\CodeIgniter.php(419): CodeIgniter\CodeIgniter->runController(Object(App\Controllers\Home))
#7 C:\xampp\htdocs\kasir_richard\system\CodeIgniter.php(326): CodeIgniter\CodeIgniter->handleRequest(NULL, Object(Config\Cache), false)
#8 C:\xampp\htdocs\kasir_richard\public\index.php(37): CodeIgniter\CodeIgniter->run()
#9 C:\xampp\htdocs\kasir_richard\system\Commands\Server\rewrite.php(43): require_once('C:\\xampp\\htdocs...')
#10 {main}
CRITICAL - 2024-02-29 10:47:36 --> Invalid argument supplied for foreach()
#0 C:\xampp\htdocs\kasir_richard\app\Views\pembayaran.php(16): CodeIgniter\Debug\Exceptions->errorHandler(2, 'Invalid argumen...', 'C:\\xampp\\htdocs...', 16, Array)
#1 C:\xampp\htdocs\kasir_richard\system\View\View.php(210): include('C:\\xampp\\htdocs...')
#2 C:\xampp\htdocs\kasir_richard\system\View\View.php(213): CodeIgniter\View\View->CodeIgniter\View\{closure}()
#3 C:\xampp\htdocs\kasir_richard\system\Common.php(1089): CodeIgniter\View\View->render('pembayaran', Array, true)
#4 C:\xampp\htdocs\kasir_richard\app\Controllers\Home.php(565): view('pembayaran')
#5 C:\xampp\htdocs\kasir_richard\system\CodeIgniter.php(832): App\Controllers\Home->pembayaran()
#6 C:\xampp\htdocs\kasir_richard\system\CodeIgniter.php(419): CodeIgniter\CodeIgniter->runController(Object(App\Controllers\Home))
#7 C:\xampp\htdocs\kasir_richard\system\CodeIgniter.php(326): CodeIgniter\CodeIgniter->handleRequest(NULL, Object(Config\Cache), false)
#8 C:\xampp\htdocs\kasir_richard\public\index.php(37): CodeIgniter\CodeIgniter->run()
#9 C:\xampp\htdocs\kasir_richard\system\Commands\Server\rewrite.php(43): require_once('C:\\xampp\\htdocs...')
#10 {main}
CRITICAL - 2024-02-29 10:50:11 --> Invalid argument supplied for foreach()
#0 C:\xampp\htdocs\kasir_richard\app\Views\pembayaran.php(16): CodeIgniter\Debug\Exceptions->errorHandler(2, 'Invalid argumen...', 'C:\\xampp\\htdocs...', 16, Array)
#1 C:\xampp\htdocs\kasir_richard\system\View\View.php(210): include('C:\\xampp\\htdocs...')
#2 C:\xampp\htdocs\kasir_richard\system\View\View.php(213): CodeIgniter\View\View->CodeIgniter\View\{closure}()
#3 C:\xampp\htdocs\kasir_richard\system\Common.php(1089): CodeIgniter\View\View->render('pembayaran', Array, true)
#4 C:\xampp\htdocs\kasir_richard\app\Controllers\Home.php(565): view('pembayaran')
#5 C:\xampp\htdocs\kasir_richard\system\CodeIgniter.php(832): App\Controllers\Home->pembayaran()
#6 C:\xampp\htdocs\kasir_richard\system\CodeIgniter.php(419): CodeIgniter\CodeIgniter->runController(Object(App\Controllers\Home))
#7 C:\xampp\htdocs\kasir_richard\system\CodeIgniter.php(326): CodeIgniter\CodeIgniter->handleRequest(NULL, Object(Config\Cache), false)
#8 C:\xampp\htdocs\kasir_richard\public\index.php(37): CodeIgniter\CodeIgniter->run()
#9 C:\xampp\htdocs\kasir_richard\system\Commands\Server\rewrite.php(43): require_once('C:\\xampp\\htdocs...')
#10 {main}
CRITICAL - 2024-02-29 10:50:25 --> Invalid argument supplied for foreach()
#0 C:\xampp\htdocs\kasir_richard\app\Views\pembayaran.php(16): CodeIgniter\Debug\Exceptions->errorHandler(2, 'Invalid argumen...', 'C:\\xampp\\htdocs...', 16, Array)
#1 C:\xampp\htdocs\kasir_richard\system\View\View.php(210): include('C:\\xampp\\htdocs...')
#2 C:\xampp\htdocs\kasir_richard\system\View\View.php(213): CodeIgniter\View\View->CodeIgniter\View\{closure}()
#3 C:\xampp\htdocs\kasir_richard\system\Common.php(1089): CodeIgniter\View\View->render('pembayaran', Array, true)
#4 C:\xampp\htdocs\kasir_richard\app\Controllers\Home.php(565): view('pembayaran')
#5 C:\xampp\htdocs\kasir_richard\system\CodeIgniter.php(832): App\Controllers\Home->pembayaran()
#6 C:\xampp\htdocs\kasir_richard\system\CodeIgniter.php(419): CodeIgniter\CodeIgniter->runController(Object(App\Controllers\Home))
#7 C:\xampp\htdocs\kasir_richard\system\CodeIgniter.php(326): CodeIgniter\CodeIgniter->handleRequest(NULL, Object(Config\Cache), false)
#8 C:\xampp\htdocs\kasir_richard\public\index.php(37): CodeIgniter\CodeIgniter->run()
#9 C:\xampp\htdocs\kasir_richard\system\Commands\Server\rewrite.php(43): require_once('C:\\xampp\\htdocs...')
#10 {main}
CRITICAL - 2024-02-29 11:09:35 --> Invalid argument supplied for foreach()
#0 C:\xampp\htdocs\kasir_richard\app\Views\pembayaran.php(16): CodeIgniter\Debug\Exceptions->errorHandler(2, 'Invalid argumen...', 'C:\\xampp\\htdocs...', 16, Array)
#1 C:\xampp\htdocs\kasir_richard\system\View\View.php(210): include('C:\\xampp\\htdocs...')
#2 C:\xampp\htdocs\kasir_richard\system\View\View.php(213): CodeIgniter\View\View->CodeIgniter\View\{closure}()
#3 C:\xampp\htdocs\kasir_richard\system\Common.php(1089): CodeIgniter\View\View->render('pembayaran', Array, true)
#4 C:\xampp\htdocs\kasir_richard\app\Controllers\Home.php(565): view('pembayaran')
#5 C:\xampp\htdocs\kasir_richard\system\CodeIgniter.php(832): App\Controllers\Home->pembayaran()
#6 C:\xampp\htdocs\kasir_richard\system\CodeIgniter.php(419): CodeIgniter\CodeIgniter->runController(Object(App\Controllers\Home))
#7 C:\xampp\htdocs\kasir_richard\system\CodeIgniter.php(326): CodeIgniter\CodeIgniter->handleRequest(NULL, Object(Config\Cache), false)
#8 C:\xampp\htdocs\kasir_richard\public\index.php(37): CodeIgniter\CodeIgniter->run()
#9 C:\xampp\htdocs\kasir_richard\system\Commands\Server\rewrite.php(43): require_once('C:\\xampp\\htdocs...')
#10 {main}
CRITICAL - 2024-02-29 13:13:02 --> Invalid argument supplied for foreach()
#0 C:\xampp\htdocs\kasir_richard\app\Views\pembayaran.php(16): CodeIgniter\Debug\Exceptions->errorHandler(2, 'Invalid argumen...', 'C:\\xampp\\htdocs...', 16, Array)
#1 C:\xampp\htdocs\kasir_richard\system\View\View.php(210): include('C:\\xampp\\htdocs...')
#2 C:\xampp\htdocs\kasir_richard\system\View\View.php(213): CodeIgniter\View\View->CodeIgniter\View\{closure}()
#3 C:\xampp\htdocs\kasir_richard\system\Common.php(1089): CodeIgniter\View\View->render('pembayaran', Array, true)
#4 C:\xampp\htdocs\kasir_richard\app\Controllers\Home.php(573): view('pembayaran')
#5 C:\xampp\htdocs\kasir_richard\system\CodeIgniter.php(832): App\Controllers\Home->pembayaran()
#6 C:\xampp\htdocs\kasir_richard\system\CodeIgniter.php(419): CodeIgniter\CodeIgniter->runController(Object(App\Controllers\Home))
#7 C:\xampp\htdocs\kasir_richard\system\CodeIgniter.php(326): CodeIgniter\CodeIgniter->handleRequest(NULL, Object(Config\Cache), false)
#8 C:\xampp\htdocs\kasir_richard\public\index.php(37): CodeIgniter\CodeIgniter->run()
#9 C:\xampp\htdocs\kasir_richard\system\Commands\Server\rewrite.php(43): require_once('C:\\xampp\\htdocs...')
#10 {main}
CRITICAL - 2024-02-29 13:59:31 --> Invalid argument supplied for foreach()
#0 C:\xampp\htdocs\kasir_richard\app\Views\pembayaran.php(16): CodeIgniter\Debug\Exceptions->errorHandler(2, 'Invalid argumen...', 'C:\\xampp\\htdocs...', 16, Array)
#1 C:\xampp\htdocs\kasir_richard\system\View\View.php(210): include('C:\\xampp\\htdocs...')
#2 C:\xampp\htdocs\kasir_richard\system\View\View.php(213): CodeIgniter\View\View->CodeIgniter\View\{closure}()
#3 C:\xampp\htdocs\kasir_richard\system\Common.php(1089): CodeIgniter\View\View->render('pembayaran', Array, true)
#4 C:\xampp\htdocs\kasir_richard\app\Controllers\Home.php(573): view('pembayaran')
#5 C:\xampp\htdocs\kasir_richard\system\CodeIgniter.php(832): App\Controllers\Home->pembayaran()
#6 C:\xampp\htdocs\kasir_richard\system\CodeIgniter.php(419): CodeIgniter\CodeIgniter->runController(Object(App\Controllers\Home))
#7 C:\xampp\htdocs\kasir_richard\system\CodeIgniter.php(326): CodeIgniter\CodeIgniter->handleRequest(NULL, Object(Config\Cache), false)
#8 C:\xampp\htdocs\kasir_richard\public\index.php(37): CodeIgniter\CodeIgniter->run()
#9 C:\xampp\htdocs\kasir_richard\system\Commands\Server\rewrite.php(43): require_once('C:\\xampp\\htdocs...')
#10 {main}
